Method 'SystemVoidCosmosSystemKernelStart', ID = '0'
Method 'SystemInt32CosmosIL2CPUX86PlugsCustomImplementationsSystemArrayImplGetLengthSystemInt32', ID = '7'
Method 'SystemVoidSystemNotSupportedExceptionctorSystemString', ID = '8'
Method 'SystemBooleanCosmosIL2CPUX86PlugsCustomImplementationsSystemArrayImplTrySZIndexOfSystemUInt32SystemUInt32SystemUInt32SystemUInt32SystemUInt32', ID = '12'
Method 'SystemVoidSystemNotImplementedExceptionctorSystemString', ID = '15'
Method 'SystemStringCosmosIL2CPUILCustomImplementationsSystemUInt32Impl2GetNumberStringSystemUInt32SystemBoolean', ID = '18'
Method 'SystemBytearraySystemBitConverterGetBytesSystemDouble', ID = '27'
Method 'SystemInt64SystemBitConverterToInt64SystemBytearraySystemInt32', ID = '28'
Method 'SystemBooleanSystemStringop_EqualitySystemStringSystemString', ID = '40'
Method 'SystemStringCosmosIL2CPUILCustomImplementationsSystemEnvironmentImplGetResourceFromDefaultSystemString', ID = '41'
Method 'SystemStringCosmosIL2CPUILCustomImplementationsSystemInt32Impl2GetNumberStringSystemInt32', ID = '46'
Method 'SystemVoidSystemNotImplementedExceptionctor', ID = '48'
Method 'SystemInt32SystemStringIndexOfSystemChar', ID = '50'
Method 'SystemVoidSystemFormatExceptionctor', ID = '54'
Method 'SystemStringCosmosIL2CPUILCustomImplementationsSystemInt64Impl2GetNumberStringSystemInt64', ID = '57'
Method 'SystemBytearraySystemBitConverterGetBytesSystemSingle', ID = '70'
Method 'SystemInt32SystemBitConverterToInt32SystemBytearraySystemInt32', ID = '71'
Method 'SystemStringCosmosIL2CPUCustomImplementationSystemStringImplConcatArraySystemStringarraySystemInt32', ID = '76'
Method 'SystemStringCosmosIL2CPUCustomImplementationSystemStringImplConcatSystemStringSystemString', ID = '77'
Method 'SystemStringCosmosIL2CPUCustomImplementationSystemStringImplConcatSystemStringSystemStringSystemString', ID = '78'
Method 'SystemStringCosmosIL2CPUCustomImplementationSystemStringImplConcatSystemStringSystemStringSystemStringSystemString', ID = '79'
Method 'SystemStringCosmosIL2CPUCustomImplementationSystemStringImplConcatSystemStringarray', ID = '81'
Method 'SystemInt32CosmosIL2CPUCustomImplementationSystemStringImplboyerMooreHorsepoolSystemStringSystemString', ID = '83'
Method 'SystemBooleanCosmosCorePlugsStringImplEndsWithSystemStringSystemStringComparison', ID = '88'
Method 'SystemVoidSystemArgumentNullExceptionctorSystemString', ID = '89'
Method 'SystemBooleanCosmosCorePlugsStringImplEqualsHelperSystemStringSystemString', ID = '90'
Method 'SystemInt32CosmosCorePlugsStringImplIndexOfSystemCharSystemInt32SystemInt32', ID = '93'
Method 'SystemInt32CosmosCorePlugsStringImplLastIndexOfAnySystemChararraySystemInt32SystemInt32', ID = '96'
Method 'SystemBooleanCosmosCorePlugsStringImplCharArrayContainsCharSystemChararraySystemChar', ID = '97'
Method 'SystemBooleanCosmosCorePlugsStringImplStartsWithSystemStringSystemBooleanSystemGlobalizationCultureInfo', ID = '99'
Method 'SystemStringCosmosCorePlugsStringImplChangeCasingSystemStringSystemInt32SystemInt32SystemInt32', ID = '102'
Method 'SystemStringCosmosIL2CPUILCustomImplementationsSystemUInt64Impl2GetNumberStringSystemUInt64SystemBoolean', ID = '105'
Method 'SystemVoidSystemArgumentOutOfRangeExceptionctorSystemString', ID = '108'
Method 'SystemDoubleCosmosSystemPlugsSystemMathImplAsinSystemDouble', ID = '109'
Method 'SystemDoubleCosmosSystemPlugsSystemMathImplSqrtSystemDouble', ID = '110'
Method 'SystemDoubleCosmosSystemPlugsSystemMathImplAtanSystemDouble', ID = '111'
Method 'SystemDoubleCosmosSystemPlugsSystemMathImplatansSystemDouble', ID = '112'
Method 'SystemDoubleCosmosSystemPlugsSystemMathImplExpSystemDouble', ID = '113'
Method 'SystemDoubleCosmosSystemPlugsSystemMathImpl_powerSystemDoubleSystemInt32', ID = '114'
Method 'SystemDoubleCosmosSystemPlugsSystemMathImplLogSystemDoubleSystemDouble', ID = '115'
Method 'SystemVoidSystemArgumentExceptionctor', ID = '116'
Method 'SystemDoubleCosmosSystemPlugsSystemMathImplFloorSystemDouble', ID = '117'
Method 'SystemDoubleCosmosSystemPlugsSystemMathImplLogSystemDouble', ID = '118'
Method 'SystemDoubleCosmosSystemPlugsSystemMathImplCosSystemDouble', ID = '121'
Method 'SystemDoubleCosmosSystemPlugsSystemMathImplTanhSystemDouble', ID = '122'
Method 'SystemDoubleCosmosSystemPlugsSystemMathImplexpm1SystemDouble', ID = '123'
Method 'SystemDoubleCosmosSystemPlugsSystemMathImplCeilingSystemDouble', ID = '124'
Method 'SystemUInt32CosmosCoreHeapMemAllocSystemUInt32', ID = '133'
Method 'SystemDoubleCosmosSystemPlugsSystemRandomImplGetUniform', ID = '140'
Method 'CosmosSystemConsoleCosmosSystemPlugsSystemConsoleImplGetConsole', ID = '146'
Method 'SystemVoidCosmosSystemConsoleset_BackgroundSystemConsoleColor', ID = '147'
Method 'SystemVoidCosmosSystemPlugsSystemConsoleImplWriteLineSystemString', ID = '148'
Method 'SystemInt32CosmosSystemConsoleget_X', ID = '149'
Method 'SystemVoidCosmosSystemConsoleset_XSystemInt32', ID = '150'
Method 'SystemInt32CosmosSystemConsoleget_Y', ID = '151'
Method 'SystemVoidCosmosSystemConsoleset_YSystemInt32', ID = '152'
Method 'SystemVoidCosmosSystemConsoleset_ForegroundSystemConsoleColor', ID = '154'
Method 'SystemInt32CosmosSystemConsoleget_Rows', ID = '156'
Method 'SystemInt32CosmosSystemConsoleget_Cols', ID = '157'
Method 'SystemVoidCosmosSystemConsoleClear', ID = '158'
Method 'SystemCharCosmosHALKeyboardReadChar', ID = '161'
Method 'CosmosHALKeyboardKeyMappingCosmosHALKeyboardReadMapping', ID = '163'
Method 'SystemBooleanCosmosHALKeyboardget_ShiftPressed', ID = '165'
Method 'SystemBooleanCosmosHALKeyboardget_AltPressed', ID = '166'
Method 'SystemBooleanCosmosHALKeyboardget_CtrlPressed', ID = '167'
Method 'SystemVoidSystemConsoleKeyInfoctorSystemCharSystemConsoleKeySystemBooleanSystemBooleanSystemBoolean', ID = '168'
Method 'SystemCharSystemConsoleKeyInfoget_KeyChar', ID = '169'
Method 'SystemVoidCosmosSystemPlugsSystemConsoleImplWriteSystemChar', ID = '170'
Method 'SystemVoidSystemCollectionsGenericList1SystemCharctorSystemInt32', ID = '171'
Method 'SystemVoidSystemCollectionsGenericList1SystemCharRemoveAtSystemInt32', ID = '172'
Method 'SystemCharSystemCollectionsGenericList1SystemCharget_ItemSystemInt32', ID = '173'
Method 'SystemInt32SystemCollectionsGenericList1SystemCharget_Count', ID = '174'
Method 'SystemVoidSystemCollectionsGenericList1SystemCharAddSystemChar', ID = '175'
Method 'SystemVoidSystemCollectionsGenericList1SystemCharctor', ID = '176'
Method 'SystemVoidCosmosSystemPlugsSystemConsoleImplWriteLine', ID = '177'
Method 'SystemChararraySystemCollectionsGenericList1SystemCharToArray', ID = '178'
Method 'SystemStringSystemBooleanToString', ID = '179'
Method 'SystemVoidCosmosSystemPlugsSystemConsoleImplWriteSystemString', ID = '180'
Method 'SystemVoidCosmosSystemConsoleWriteCharSystemChar', ID = '181'
Method 'SystemVoidCosmosSystemPlugsSystemConsoleImplWriteSystemChararraySystemInt32SystemInt32', ID = '182'
Method 'SystemVoidCosmosSystemConsoleWriteSystemString', ID = '186'
Method 'SystemVoidCosmosSystemConsoleNewLine', ID = '187'
Method 'SystemVoidCosmosIL2CPURuntimeEngineInitializeApplication', ID = '189'
Method 'SystemVoidCosmosIL2CPURuntimeEngineFinalizeApplicationSystemInt32', ID = '190'
Method 'SystemVoidCosmosIL2CPUVTablesImplLoadTypeTableSystemInt32', ID = '191'
Method 'SystemVoidCosmosIL2CPUVTablesImplSetMethodInfoSystemInt32SystemInt32SystemInt32SystemInt32SystemChararray', ID = '192'
Method 'SystemBooleanCosmosIL2CPUVTablesImplIsInstanceSystemInt32SystemInt32', ID = '193'
Method 'SystemVoidCosmosIL2CPUVTablesImplSetTypeInfoSystemInt32SystemInt32SystemInt32arraySystemInt32arraySystemInt32', ID = '194'
Method 'SystemInt32CosmosIL2CPUVTablesImplGetMethodAddressForTypeSystemInt32SystemInt32', ID = '195'
Method 'SystemVoidCosmosIL2CPUExceptionHelperThrowNotImplementedSystemString', ID = '198'
Method 'SystemVoidCosmosIL2CPUExceptionHelperThrowOverflow', ID = '199'
Method 'SystemVoidSystemArrayctor', ID = '200'
Method 'SystemVoidSystemThrowHelperThrowInvalidOperationExceptionSystemExceptionResource', ID = '201'
Method 'SystemDelegatearraySystemMulticastDelegateGetInvocationList', ID = '202'
Method 'SystemVoidColonelKernelctor', ID = '204'
Method 'SystemVoidCosmosDebugKernelDebuggerSendSystemString', ID = '208'
Method 'SystemVoidCosmosHALBootstrapInit', ID = '209'
Method 'CosmosHALTextScreenBaseCosmosSystemKernelGetTextScreen', ID = '210'
Method 'SystemVoidCosmosSystemGlobalInitCosmosHALTextScreenBase', ID = '211'
Method 'SystemVoidCosmosSystemKernelBeforeRun', ID = '213'
Method 'SystemVoidCosmosSystemKernelAfterRun', ID = '215'
Method 'SystemVoidSystemSystemExceptionctorSystemString', ID = '219'
Method 'SystemVoidSystemExceptionSetErrorCodeSystemInt32', ID = '220'
Method 'SystemInt32CosmosIL2CPUX86PlugsCustomImplementationsSystemArrayImplget_Length', ID = '221'
Method 'SystemVoidSystemBooleancctor', ID = '222'
Method 'SystemVoidCosmosIL2CPUX86PlugsCustomImplementationsMSSystemStringImplCtorSystemChararraySystemInt32SystemChar', ID = '227'
Method 'SystemUInt32CosmosCorePlugsGCImplementionImplAllocNewObjectSystemUInt32', ID = '229'
Method 'SystemBytearraySystemBitConverterGetBytesSystemInt64', ID = '231'
Method 'SystemVoidSystemThrowHelperThrowArgumentNullExceptionSystemExceptionArgument', ID = '232'
Method 'SystemVoidSystemThrowHelperThrowArgumentOutOfRangeExceptionSystemExceptionArgumentSystemExceptionResource', ID = '233'
Method 'SystemVoidSystemThrowHelperThrowArgumentExceptionSystemExceptionResource', ID = '234'
Method 'SystemStringSystemValueTypeToString', ID = '236'
Method 'SystemStringSystemStringToString', ID = '237'
Method 'SystemStringSystemGlobalizationCultureInfoToString', ID = '240'
Method 'SystemStringCosmosIL2CPUILCustomImplementationsSystemUInt64ImplToString', ID = '249'
Method 'SystemInt32CosmosIL2CPUX86PlugsCustomImplementationsMSSystemStringImplget_LengthSystemInt32', ID = '250'
Method 'SystemStringCosmosIL2CPUCustomImplementationSystemStringImplConcatSystemObjectSystemObject', ID = '251'
Method 'SystemCharCosmosIL2CPUX86PlugsCustomImplementationsMSSystemStringImplget_CharsSystemInt32', ID = '252'
Method 'SystemChararrayCosmosIL2CPUCustomImplementationSystemStringImplToCharArray', ID = '253'
Method 'SystemStringCosmosIL2CPUCustomImplementationSystemStringImplSubstringSystemInt32SystemInt32', ID = '254'
Method 'SystemBooleanSystemStringEqualsSystemStringSystemString', ID = '256'
Method 'SystemVoidCosmosIL2CPUX86PlugsCustomImplementationsSystemExceptionImplCtorSystemStringSystemString', ID = '266'
Method 'SystemStringCosmosIL2CPUILCustomImplementationsSystemInt32ImplToString', ID = '270'
Method 'SystemBytearraySystemBitConverterGetBytesSystemInt32', ID = '271'
Method 'SystemStringCosmosIL2CPUILCustomImplementationsSystemUInt32ImplToString', ID = '272'
Method 'SystemStringCosmosIL2CPUILCustomImplementationsSystemObjectImplToString', ID = '273'
Method 'SystemInt32arrayCosmosIL2CPUCustomImplementationSystemStringImplBuildBadCharTableSystemChararray', ID = '275'
Method 'SystemInt32CosmosCorePlugsStringImplIndexOfSystemString', ID = '276'
Method 'SystemVoidSystemArgumentExceptionctorSystemStringSystemString', ID = '279'
Method 'SystemInt32CosmosIL2CPUCustomImplementationSystemStringImplCompareToSystemString', ID = '280'
Method 'SystemInt32CosmosIL2CPUCustomImplementationSystemStringImplIndexOfSystemStringSystemInt32SystemInt32SystemStringComparison', ID = '281'
Method 'SystemStringCosmosIL2CPUCustomImplementationSystemStringImplSubstringSystemInt32', ID = '282'
Method 'SystemStringCosmosIL2CPUILCustomImplementationsSystemCharImplToString', ID = '283'
Method 'SystemStringCosmosCorePlugsStringImplRemoveSystemInt32SystemInt32', ID = '284'
Method 'SystemStringCosmosCorePlugsStringImplInsertSystemInt32SystemString', ID = '285'
Method 'SystemStringSystemArgumentOutOfRangeExceptionget_RangeMessage', ID = '288'
Method 'SystemDoubleCosmosSystemPlugsSystemMathImplatanxSystemDouble', ID = '290'
Method 'SystemVoidCosmosIL2CPUX86PlugsCustomImplementationsSystemBufferBlockCopySystemArraySystemInt32SystemArraySystemInt32SystemInt32', ID = '294'
Method 'SystemVoidSystemExceptioncctor', ID = '295'
Method 'SystemStringSystemArgumentExceptionget_Message', ID = '296'
Method 'SystemStringSystemArgumentOutOfRangeExceptionget_Message', ID = '297'
Method 'SystemStringCosmosIL2CPUX86PlugsCustomImplementationsSystemExceptionImplget_MessageSystemString', ID = '298'
Method 'SystemVoidCosmosCoreHeapInitialize', ID = '301'
Method 'SystemVoidCosmosCommonNumberHelperWriteNumberSystemUInt32SystemInt32', ID = '305'
Method 'SystemVoidCosmosCoreHeapUpdateDebugDisplay', ID = '306'
Method 'SystemVoidCosmosCoreHeapClearMemorySystemUInt32SystemUInt32', ID = '307'
Method 'SystemByteCosmosHALRTCget_Second', ID = '309'
Method 'SystemVoidCosmosIL2CPUILCustomImplementationsSystemObjectImplCtor', ID = '310'
Method 'SystemVoidCosmosSystemPlugsSystemConsoleImplcctor', ID = '311'
Method 'SystemConsoleColorCosmosSystemConsoleget_Foreground', ID = '314'
Method 'SystemVoidCosmosSystemConsoleUpdateCursor', ID = '316'
Method 'SystemConsoleColorCosmosSystemConsoleget_Background', ID = '317'
Method 'SystemVoidSystemTextEncodingcctor', ID = '318'
Method 'SystemVoidCosmosHALGlobalcctor', ID = '322'
Method 'CosmosCoreCPUCosmosCoreGlobalget_CPU', ID = '324'
Method 'SystemInt32SystemCollectionsGenericQueue1SystemUInt32get_Count', ID = '326'
Method 'SystemUInt32SystemCollectionsGenericQueue1SystemUInt32Dequeue', ID = '327'
Method 'SystemBooleanCosmosHALKeyboardGetCharValueSystemUInt32SystemChar', ID = '328'
Method 'SystemBooleanCosmosHALKeyboardGetKeyMappingSystemUInt32CosmosHALKeyboardKeyMapping', ID = '329'
Method 'SystemVoidSystemArgumentOutOfRangeExceptionctorSystemStringSystemString', ID = '331'
Method 'SystemVoidSystemThrowHelperThrowArgumentOutOfRangeException', ID = '334'
Method 'SystemVoidSystemArrayCopySystemArraySystemInt32SystemArraySystemInt32SystemInt32', ID = '335'
Method 'SystemVoidSystemCollectionsGenericList1SystemCharEnsureCapacitySystemInt32', ID = '336'
Method 'SystemStringCosmosIL2CPUILCustomImplementationsSystemDoubleImplToString', ID = '338'
Method 'SystemStringCosmosIL2CPUILCustomImplementationsSystemSingleImplToString', ID = '339'
Method 'SystemStringCosmosIL2CPUILCustomImplementationsSystemInt64ImplToString', ID = '340'
Method 'SystemVoidCosmosIL2CPURuntimeEngineInitializeEngine', ID = '343'
Method 'SystemVoidCosmosIL2CPURuntimeEngineHeap_Initialize', ID = '344'
Method 'SystemVoidCosmosIL2CPURuntimeEngineFinalizeEngine', ID = '345'
Method 'SystemVoidCosmosIL2CPURuntimeEngineExitProcessSystemInt32', ID = '346'
Method 'SystemVoidCosmosIL2CPUVTablesImplWriteNumberSystemUInt32SystemByte', ID = '350'
Method 'SystemVoidCosmosCorePlugsGCImplementionImplIncRefCountSystemUInt32', ID = '351'
Method 'SystemVoidCosmosCorePlugsGCImplementionImplDecRefCountSystemUInt32', ID = '352'
Method 'SystemVoidSystemOverflowExceptionctorSystemString', ID = '354'
Method 'SystemStringSystemThrowHelperGetResourceNameSystemExceptionResource', ID = '357'
Method 'SystemVoidSystemInvalidOperationExceptionctorSystemString', ID = '358'
Method 'SystemDelegatearraySystemDelegateGetInvocationList', ID = '360'
Method 'SystemInt32SystemIntPtrop_ExplicitSystemIntPtr', ID = '361'
Method 'SystemVoidCosmosSystemKernelctor', ID = '363'
Method 'SystemVoidCosmosSystemGlobalcctor', ID = '364'
Method 'SystemVoidCosmosCoreBootstrapInit', ID = '367'
Method 'SystemVoidCosmosSystemConsolectorCosmosHALTextScreenBase', ID = '369'
Method 'SystemVoidCosmosHALGlobalInitCosmosHALTextScreenBase', ID = '370'
Method 'SystemVoidColonelKernelBeforeRun', ID = '371'
Method 'SystemVoidColonelKernelRun', ID = '372'
Method 'SystemVoidSystemExceptionset_HResultSystemInt32', ID = '373'
Method 'SystemVoidCosmosIL2CPUX86PlugsCustomImplementationsMSSystemStringImplCtorSystemChararraySystemInt32SystemInt32SystemInt32SystemChar', ID = '376'
Method 'SystemVoidCosmosIL2CPUILCustomImplementationsSystemCharImplCctor', ID = '377'
Method 'SystemVoidSystemBitConvertercctor', ID = '380'
Method 'SystemStringSystemThrowHelperGetArgumentNameSystemExceptionArgument', ID = '382'
Method 'SystemVoidSystemArgumentExceptionctorSystemString', ID = '383'
Method 'SystemStringCosmosIL2CPUILCustomImplementationsSystemIntPtrImplToString', ID = '385'
Method 'SystemStringCosmosIL2CPUILCustomImplementationsSystemEnumImplToString', ID = '386'
Method 'SystemStringCosmosIL2CPUILCustomImplementationsSystemInt16ImplToString', ID = '387'
Method 'SystemStringCosmosIL2CPUILCustomImplementationsSystemNetIPAddressImplToString', ID = '388'
Method 'SystemStringCosmosIL2CPUILCustomImplementationsSystemNetSocketAddressImplToString', ID = '389'
Method 'SystemStringCosmosSystemPlugsSystemTypeImplToString', ID = '390'
Method 'SystemStringCosmosIL2CPUCustomImplementationSystemUIntPtrImplToString', ID = '391'
Method 'SystemStringCosmosIL2CPUX86PlugsCustomImplementationsSystemExceptionImplToString', ID = '392'
Method 'SystemStringCosmosIL2CPUILCustomImplementationsSystemUInt16ImplToString', ID = '393'
Method 'SystemStringCosmosIL2CPUILCustomImplementationsSystemByteImplToString', ID = '394'
Method 'SystemVoidCosmosIL2CPUILCustomImplementationsSystemEnumImplCctor', ID = '396'
Method 'SystemVoidCosmosIL2CPUCustomImplementationSystemGlobalizationCultureInfoImplCCtor', ID = '398'
Method 'SystemStringCosmosIL2CPUILCustomImplementationsSystemEnvironmentImplGetResourceStringSystemString', ID = '400'
Method 'SystemInt32CosmosIL2CPUCustomImplementationSystemStringImplIndexOfSystemCharSystemInt32SystemInt32', ID = '401'
Method 'SystemVoidSystemConsolecctor', ID = '402'
Method 'SystemVoidCosmosIL2CPUILCustomImplementationsSystemNetIPAddressImplCCtor', ID = '403'
Method 'SystemVoidCosmosIL2CPUX86PlugsNEW_PLUGSDoubleImplCctor', ID = '405'
Method 'SystemVoidCosmosSystemPlugsSystemTypeImplCCtor', ID = '406'
Method 'SystemVoidSystemMathcctor', ID = '412'
Method 'SystemBooleanSystemStringIsNullOrEmptySystemString', ID = '415'
Method 'SystemStringSystemEnvironmentGetRuntimeResourceStringSystemStringSystemObjectarray', ID = '416'
Method 'SystemStringSystemEnvironmentget_NewLine', ID = '417'
Method 'SystemVoidCosmosCoreHeapcctor', ID = '418'
Method 'SystemVoidCosmosCoreHeapDoInitializeSystemUInt32SystemUInt32', ID = '422'
Method 'SystemVoidCosmosCommonNumberHelperWriteNumberSystemUInt32SystemInt32SystemBoolean', ID = '424'
Method 'SystemVoidCosmosHALRTCWaitForReady', ID = '427'
Method 'SystemVoidCosmosCoreIOPortset_ByteSystemByte', ID = '430'
Method 'SystemByteCosmosCoreIOPortget_Byte', ID = '432'
Method 'SystemByteCosmosHALRTCFromBCDSystemByte', ID = '433'
Method 'SystemVoidCosmosDebugKernelDebuggerctorSystemStringSystemString', ID = '437'
Method 'SystemVoidCosmosHALTextScreenctor', ID = '439'
Method 'SystemVoidCosmosCorePlugsCPUImplHalt', ID = '445'
Method 'CosmosHALKeyboardKeyMappingSystemCollectionsGenericList1CosmosHALKeyboardKeyMappingget_ItemSystemInt32', ID = '447'
Method 'SystemInt32SystemCollectionsGenericList1CosmosHALKeyboardKeyMappingget_Count', ID = '448'
Method 'SystemVoidSystemCollectionsGenericList1SystemCharcctor', ID = '450'
Method 'SystemVoidSystemCollectionsGenericList1SystemCharset_CapacitySystemInt32', ID = '452'
Method 'SystemVoidCosmosIL2CPURuntimeEnginecctor', ID = '456'
Method 'SystemVoidSystemArithmeticExceptionctorSystemString', ID = '458'
Method 'SystemVoidCosmosDebugKernelPlugsDebuggerSendSystemInt32SystemChar', ID = '460'
Method 'SystemVoidCosmosCoreINTsDummy', ID = '461'
Method 'SystemVoidCosmosCorePICctor', ID = '462'
Method 'SystemVoidCosmosCoreGlobalInit', ID = '466'
Method 'SystemVoidCosmosHALGlobalInitStaticDevices', ID = '467'
Method 'SystemVoidCosmosHALGlobalInitPciDevices', ID = '468'
Method 'SystemVoidColonelCyDriversFilesystemLifetreector', ID = '469'
Method 'SystemVoidColonelCyDriversToolsEditorrecolor', ID = '470'
Method 'SystemVoidColonelCyDriversToolsHelperctor', ID = '471'
Method 'SystemVoidColonelCyDriversToolsHelperdisplayHelp', ID = '472'
Method 'SystemVoidColonelGauntletloginSystemBoolean', ID = '476'
Method 'SystemVoidColonelCyDriversFilesystemDirectoryCyDirectoryctorSystemStringSystemString', ID = '477'
Method 'SystemBooleanColonelCyDriversFilesystemLifetreeaddDirectoryColonelCyDriversFilesystemDirectoryCyDirectory', ID = '478'
Method 'SystemStringColonelCyDriversFilesystemDirectoryCyDirectorygetName', ID = '480'
Method 'SystemStringColonelCyDriversFilesystemDirectoryCyDirectorygetPath', ID = '481'
Method 'SystemStringarrayColonelCyDriversFilesystemLifetreelistDirectories', ID = '482'
Method 'SystemVoidColonelCyDriversToolsIterateAndPrintrunSystemStringarray', ID = '483'
Method 'SystemStringarrayColonelCyDriversFilesystemDirectoryCyDirectorylistFiles', ID = '484'
Method 'SystemVoidColonelCyDriversFilesystemFileCyFilectorSystemStringSystemString', ID = '485'
Method 'SystemBooleanColonelCyDriversFilesystemDirectoryCyDirectoryaddFileColonelCyDriversFilesystemFileCyFile', ID = '486'
Method 'SystemVoidColonelCyDriversToolsEditoreditColonelCyDriversFilesystemFileCyFile', ID = '487'
Method 'ColonelCyDriversFilesystemDirectoryCyDirectoryColonelCyDriversFilesystemLifetreegetDirectorySystemString', ID = '488'
Method 'SystemVoidColonelCyDriversNetworkingEkosystemshowGames', ID = '489'
Method 'ColonelCyDriversFilesystemFileCyFileColonelCyDriversFilesystemDirectoryCyDirectorygetFileSystemString', ID = '491'
Method 'SystemVoidColonelCyDriversToolsEditorreadColonelCyDriversFilesystemFileCyFile', ID = '492'
Method 'SystemTypeCosmosIL2CPUILCustomImplementationsSystemObjectImplGetType', ID = '493'
Method 'SystemVoidSystemTextUnicodeEncodingctorSystemBooleanSystemBoolean', ID = '504'
Method 'SystemVoidCosmosIL2CPUX86PlugsCustomImplementationsSystemRuntimeCompilerServicesRuntimeHelpersImplInitializeArraySystemArraySystemRuntimeFieldHandle', ID = '517'
Method 'SystemUInt32CosmosCorePlugsCPUImplGetEndOfKernel', ID = '523'
Method 'SystemUInt32CosmosCorePlugsCPUImplGetAmountOfRAM', ID = '524'
Method 'SystemStringCosmosCommonExtensionsToHexStringToHexSystemUInt32SystemInt32', ID = '526'
Method 'SystemStringSystemStringTrimStartSystemChararray', ID = '527'
Method 'SystemVoidCosmosCorePlugsCPUImplZeroFillSystemUInt32SystemUInt32', ID = '528'
Method 'SystemVoidCosmosHALRTCcctor', ID = '529'
Method 'SystemVoidCosmosCoreIOGroupTextScreenctor', ID = '536'
Method 'SystemVoidCosmosHALTextScreenBasector', ID = '537'
Method 'SystemVoidCosmosCoreGlobalcctor', ID = '540'
Method 'SystemVoidCosmosCoreBootstrapcctor', ID = '541'
Method 'SystemVoidSystemCollectionsGenericQueue1SystemUInt32cctor', ID = '543'
Method 'SystemVoidCosmosIL2CPUX86PlugsCustomImplementationsSystemArrayImplCopySystemArraySystemInt32SystemArraySystemInt32SystemInt32SystemBoolean', ID = '545'
Method 'SystemVoidCosmosCoreINTsHandleInterrupt_DefaultCosmosCoreINTsIRQContext', ID = '551'
Method 'SystemVoidCosmosCoreINTsHandleInterrupt_00CosmosCoreINTsIRQContext', ID = '552'
Method 'SystemVoidCosmosCoreINTsHandleInterrupt_01CosmosCoreINTsIRQContext', ID = '553'
Method 'SystemVoidCosmosCoreINTsHandleInterrupt_02CosmosCoreINTsIRQContext', ID = '554'
Method 'SystemVoidCosmosCoreINTsHandleInterrupt_03CosmosCoreINTsIRQContext', ID = '555'
Method 'SystemVoidCosmosCoreINTsHandleInterrupt_04CosmosCoreINTsIRQContext', ID = '556'
Method 'SystemVoidCosmosCoreINTsHandleInterrupt_05CosmosCoreINTsIRQContext', ID = '557'
Method 'SystemVoidCosmosCoreINTsHandleInterrupt_06CosmosCoreINTsIRQContext', ID = '558'
Method 'SystemVoidCosmosCoreINTsHandleInterrupt_07CosmosCoreINTsIRQContext', ID = '559'
Method 'SystemVoidCosmosCoreINTsHandleInterrupt_08CosmosCoreINTsIRQContext', ID = '560'
Method 'SystemVoidCosmosCoreINTsHandleInterrupt_09CosmosCoreINTsIRQContext', ID = '561'
Method 'SystemVoidCosmosCoreINTsHandleInterrupt_0ACosmosCoreINTsIRQContext', ID = '562'
Method 'SystemVoidCosmosCoreINTsHandleInterrupt_0BCosmosCoreINTsIRQContext', ID = '563'
Method 'SystemVoidCosmosCoreINTsHandleInterrupt_0CCosmosCoreINTsIRQContext', ID = '564'
Method 'SystemVoidCosmosCoreINTsHandleInterrupt_0DCosmosCoreINTsIRQContext', ID = '565'
Method 'SystemVoidCosmosCoreINTsHandleInterrupt_0ECosmosCoreINTsIRQContext', ID = '566'
Method 'SystemVoidCosmosCoreINTsHandleInterrupt_0FCosmosCoreINTsIRQContext', ID = '567'
Method 'SystemVoidCosmosCoreINTsHandleInterrupt_10CosmosCoreINTsIRQContext', ID = '568'
Method 'SystemVoidCosmosCoreINTsHandleInterrupt_11CosmosCoreINTsIRQContext', ID = '569'
Method 'SystemVoidCosmosCoreINTsHandleInterrupt_12CosmosCoreINTsIRQContext', ID = '570'
Method 'SystemVoidCosmosCoreINTsHandleInterrupt_13CosmosCoreINTsIRQContext', ID = '571'
Method 'SystemVoidCosmosCoreINTsHandleInterrupt_20CosmosCoreINTsIRQContext', ID = '572'
Method 'SystemVoidCosmosCoreINTsHandleInterrupt_21CosmosCoreINTsIRQContext', ID = '573'
Method 'SystemVoidCosmosCoreINTsHandleInterrupt_22CosmosCoreINTsIRQContext', ID = '574'
Method 'SystemVoidCosmosCoreINTsHandleInterrupt_23CosmosCoreINTsIRQContext', ID = '575'
Method 'SystemVoidCosmosCoreINTsHandleInterrupt_24CosmosCoreINTsIRQContext', ID = '576'
Method 'SystemVoidCosmosCoreINTsHandleInterrupt_25CosmosCoreINTsIRQContext', ID = '577'
Method 'SystemVoidCosmosCoreINTsHandleInterrupt_26CosmosCoreINTsIRQContext', ID = '578'
Method 'SystemVoidCosmosCoreINTsHandleInterrupt_27CosmosCoreINTsIRQContext', ID = '579'
Method 'SystemVoidCosmosCoreINTsHandleInterrupt_28CosmosCoreINTsIRQContext', ID = '580'
Method 'SystemVoidCosmosCoreINTsHandleInterrupt_29CosmosCoreINTsIRQContext', ID = '581'
Method 'SystemVoidCosmosCoreINTsHandleInterrupt_2ACosmosCoreINTsIRQContext', ID = '582'
Method 'SystemVoidCosmosCoreINTsHandleInterrupt_2BCosmosCoreINTsIRQContext', ID = '583'
Method 'SystemVoidCosmosCoreINTsHandleInterrupt_2CCosmosCoreINTsIRQContext', ID = '584'
Method 'SystemVoidCosmosCoreINTsHandleInterrupt_2DCosmosCoreINTsIRQContext', ID = '585'
Method 'SystemVoidCosmosCoreINTsHandleInterrupt_2ECosmosCoreINTsIRQContext', ID = '586'
Method 'SystemVoidCosmosCoreINTsHandleInterrupt_2FCosmosCoreINTsIRQContext', ID = '587'
Method 'SystemVoidCosmosCoreINTsHandleInterrupt_30CosmosCoreINTsIRQContext', ID = '588'
Method 'SystemVoidCosmosCoreINTsHandleInterrupt_35CosmosCoreINTsIRQContext', ID = '589'
Method 'SystemVoidCosmosCoreINTsHandleInterrupt_40CosmosCoreINTsIRQContext', ID = '590'
Method 'SystemVoidCosmosCoreINTsHandleInterrupt_41CosmosCoreINTsIRQContext', ID = '591'
Method 'SystemVoidCosmosCoreINTsHandleInterrupt_42CosmosCoreINTsIRQContext', ID = '592'
Method 'SystemVoidCosmosCoreINTsHandleInterrupt_43CosmosCoreINTsIRQContext', ID = '593'
Method 'SystemVoidCosmosCoreINTsHandleInterrupt_44CosmosCoreINTsIRQContext', ID = '594'
Method 'SystemVoidCosmosCoreINTsHandleInterrupt_45CosmosCoreINTsIRQContext', ID = '595'
Method 'SystemVoidCosmosCoreINTsHandleInterrupt_46CosmosCoreINTsIRQContext', ID = '596'
Method 'SystemVoidCosmosCoreINTsHandleInterrupt_47CosmosCoreINTsIRQContext', ID = '597'
Method 'SystemVoidCosmosCoreINTsHandleInterrupt_48CosmosCoreINTsIRQContext', ID = '598'
Method 'SystemVoidCosmosCoreINTsHandleInterrupt_49CosmosCoreINTsIRQContext', ID = '599'
Method 'SystemVoidCosmosCoreIOGroupPICctorSystemBoolean', ID = '601'
Method 'SystemVoidCosmosCorePICRemapSystemByteSystemByteSystemByteSystemByte', ID = '602'
Method 'SystemVoidCosmosCorePlugsCPUImplUpdateIDTSystemBoolean', ID = '603'
Method 'SystemVoidCosmosCorePlugsCPUImplInitFloat', ID = '604'
Method 'SystemVoidCosmosHALKeyboardctor', ID = '605'
Method 'SystemVoidCosmosHALGlobalInitAtaCosmosHALBlockDeviceAtaControllerIdEnumCosmosHALBlockDeviceAtaBusPositionEnum', ID = '606'
Method 'SystemVoidCosmosHALPCISetup', ID = '607'
Method 'SystemVoidCosmosSystemPlugsSystemConsoleImplset_CursorVisibleSystemBoolean', ID = '614'
Method 'SystemVoidColonelGauntletcctor', ID = '615'
Method 'SystemStringCosmosSystemPlugsSystemConsoleImplReadLine', ID = '619'
Method 'ColonelCyDriversFilesystemDirectoryCyDirectoryarrayColonelCyDriversFilesystemLifetreegetDirectories', ID = '620'
Method 'ColonelCyDriversFilesystemFileCyFilearrayColonelCyDriversFilesystemDirectoryCyDirectorygetFiles', ID = '622'
Method 'SystemStringColonelCyDriversFilesystemFileCyFilegetName', ID = '623'
Method 'SystemVoidColonelCyDriversToolsEditorcolorScreen', ID = '624'
Method 'SystemBooleanColonelCyDriversFilesystemFileCyFilesetContentsSystemString', ID = '626'
Method 'SystemVoidColonelCyDriversNetworkingEkosystemprintAllSystemStringarray', ID = '628'
Method 'SystemVoidColonelCyDriversNetworkingEkosystemletsPlaySystemString', ID = '629'
Method 'SystemVoidCosmosSystemPlugsSystemConsoleImplClear', ID = '630'
Method 'SystemStringColonelCyDriversFilesystemFileCyFilegetContents', ID = '631'
Method 'SystemVoidSystemTextUnicodeEncodingctorSystemBooleanSystemBooleanSystemBoolean', ID = '633'
Method 'SystemGlobalizationCultureInfoCosmosIL2CPUCustomImplementationSystemGlobalizationCultureInfoImplget_CurrentCulture', ID = '635'
Method 'SystemStringCosmosIL2CPUCustomImplementationSystemStringImplFormatSystemIFormatProviderSystemStringSystemObjectarray', ID = '636'
Method 'SystemStringCosmosCommonExtensionsToHexStringConvertToHexSystemUInt32SystemInt32', ID = '638'
Method 'SystemStringSystemStringTrimHelperSystemInt32', ID = '639'
Method 'SystemStringSystemStringTrimHelperSystemChararraySystemInt32', ID = '640'
Method 'SystemVoidCosmosCoreIOGroupRTCctor', ID = '641'
Method 'SystemVoidCosmosCorePlugsIOPortImplWrite8SystemUInt16SystemByte', ID = '644'
Method 'SystemByteCosmosCorePlugsIOPortImplRead8SystemUInt16', ID = '645'
Method 'SystemVoidCosmosHALTextScreenSetColorsSystemConsoleColorSystemConsoleColor', ID = '646'
Method 'SystemUInt16CosmosHALTextScreenget_Rows', ID = '647'
Method 'SystemUInt16CosmosHALTextScreenget_Cols', ID = '648'
Method 'SystemVoidCosmosHALTextScreenClear', ID = '649'
Method 'SystemVoidCosmosHALTextScreenset_ItemSystemInt32SystemInt32SystemChar', ID = '650'
Method 'SystemVoidCosmosHALTextScreenScrollUp', ID = '651'
Method 'SystemByteCosmosHALTextScreenGetColor', ID = '652'
Method 'SystemVoidCosmosHALTextScreenSetCursorPosSystemInt32SystemInt32', ID = '653'
Method 'SystemVoidCosmosCoreMemoryBlockctorSystemUInt32SystemUInt32', ID = '654'
Method 'SystemVoidCosmosCoreIOPortctorSystemUInt16', ID = '655'
Method 'SystemVoidCosmosCoreIOGroupIOGroupctor', ID = '656'
Method 'SystemVoidCosmosHALDevicector', ID = '657'
Method 'SystemVoidCosmosCoreBaseIOGroupsctor', ID = '658'
Method 'SystemVoidCosmosCoreCPUctor', ID = '661'
Method 'SystemVoidSystemCollectionsGenericList1CosmosHALKeyboardKeyMappingcctor', ID = '663'
Method 'SystemVoidCosmosCoreINTscctor', ID = '664'
Method 'CosmosCorePICCosmosCoreGlobalget_PIC', ID = '666'
Method 'SystemVoidCosmosCorePICEoiSlave', ID = '667'
Method 'SystemVoidCosmosCorePICEoiMaster', ID = '668'
Method 'SystemVoidCosmosCoreINTsHandleExceptionSystemUInt32SystemStringSystemStringCosmosCoreINTsIRQContextSystemUInt32', ID = '669'
Method 'SystemVoidCosmosIL2CPUX86PlugsNEW_PLUGSDelegateImplInvoke', ID = '736'
Method 'SystemVoidCosmosCoreINTsIRQSystemUInt32CosmosCoreINTsIRQContext', ID = '673'
Method 'SystemVoidCosmosDebugKernelDebuggerSendMessageSystemStringSystemString', ID = '675'
Method 'SystemVoidCosmosCoreIOPortWait', ID = '677'
Method 'SystemVoidSystemCollectionsGenericQueue1SystemUInt32ctorSystemInt32', ID = '679'
Method 'SystemVoidCosmosHALKeyboardHandleScancodeSystemByteSystemBoolean', ID = '680'
Method 'SystemVoidCosmosIL2CPUX86PlugsNEW_PLUGSDelegateImplCtorSystemObjectSystemIntPtr', ID = '744'
Method 'SystemVoidCosmosHALKeyboardInitializeCosmosHALHandleKeyboardDelegate', ID = '682'
Method 'SystemVoidCosmosHALKeyboardHandleIRQCosmosCoreINTsIRQContext', ID = '683'
Method 'SystemVoidCosmosIL2CPUX86PlugsNEW_PLUGSDelegateImplCtorSystemObjectSystemIntPtr', ID = '744'
Method 'SystemVoidCosmosCoreINTsSetIrqHandlerSystemByteCosmosCoreINTsIRQDelegate', ID = '685'
Method 'SystemVoidCosmosHALKeyboardCreateDefaultKeymap', ID = '686'
Method 'SystemVoidCosmosHALBlockDeviceAtaPioctorCosmosCoreIOGroupATACosmosHALBlockDeviceAtaControllerIdEnumCosmosHALBlockDeviceAtaBusPositionEnum', ID = '689'
Method 'CosmosHALBlockDeviceAtaPioSpecLevelCosmosHALBlockDeviceAtaPioget_DriveType', ID = '690'
Method 'SystemVoidSystemCollectionsGenericList1CosmosHALBlockDeviceBlockDeviceAddCosmosHALBlockDeviceBlockDevice', ID = '693'
Method 'SystemVoidCosmosHALBlockDeviceMBRctorSystemBytearray', ID = '695'
Method 'SystemVoidCosmosHALBlockDeviceEBRctorSystemBytearray', ID = '697'
Method 'SystemInt32SystemCollectionsGenericList1CosmosHALBlockDeviceEBRPartInfoget_Count', ID = '699'
Method 'SystemInt32SystemCollectionsGenericList1CosmosHALBlockDeviceMBRPartInfoget_Count', ID = '700'
Method 'CosmosHALBlockDeviceMBRPartInfoSystemCollectionsGenericList1CosmosHALBlockDeviceMBRPartInfoget_ItemSystemInt32', ID = '701'
Method 'SystemVoidCosmosHALBlockDevicePartitionctorCosmosHALBlockDeviceBlockDeviceSystemUInt64SystemUInt64', ID = '703'
Method 'SystemVoidCosmosHALPCIEnumerateDevices', ID = '706'
Method 'SystemVoidCosmosSystemPlugsSystemConsoleImplset_BackgroundColorSystemConsoleColor', ID = '707'
Method 'SystemVoidCosmosSystemPlugsSystemConsoleImplset_ForegroundColorSystemConsoleColor', ID = '708'
Method 'SystemVoidColonelCyDriversNetworkingEkosystemcctor', ID = '711'
Method 'SystemVoidColonelGamesGameHandlelaunchGameSystemString', ID = '712'
Method 'SystemVoidSystemTextEncodingctorSystemInt32', ID = '713'
Method 'SystemVoidSystemTextEncodingSetDefaultFallbacks', ID = '714'
Method 'SystemStringCosmosCommonExtensionsToHexStringConvertToHexSystemUInt32', ID = '715'
Method 'SystemStringSystemStringPadLeftSystemInt32SystemChar', ID = '716'
Method 'SystemStringSystemStringCreateTrimmedStringSystemInt32SystemInt32', ID = '718'
Method 'SystemVoidCosmosCoreMemoryBlockFillSystemUInt32', ID = '720'
Method 'SystemVoidCosmosCoreMemoryBlock08set_ItemSystemUInt32SystemByte', ID = '721'
Method 'SystemVoidCosmosCoreMemoryBlockMoveDownSystemUInt32SystemUInt32SystemUInt32', ID = '722'
Method 'SystemVoidCosmosCoreMemoryBlockFillSystemUInt32SystemUInt32SystemUInt32', ID = '723'
Method 'SystemVoidCosmosCoreMemoryBlock08ctorSystemUInt32SystemUInt32', ID = '724'
Method 'SystemVoidCosmosCoreMemoryBlock16ctorSystemUInt32SystemUInt32', ID = '725'
Method 'SystemVoidCosmosCoreMemoryBlock32ctorSystemUInt32SystemUInt32', ID = '726'
Method 'SystemVoidCosmosCoreIOPortBasectorSystemUInt16', ID = '727'
Method 'SystemVoidCosmosCoreIOGroupKeyboardctor', ID = '728'
Method 'SystemVoidCosmosCoreIOGroupPITctor', ID = '729'
Method 'SystemVoidCosmosCoreIOGroupATActorSystemBoolean', ID = '730'
Method 'SystemVoidCosmosCoreINTsPutErrorCharSystemInt32SystemInt32SystemChar', ID = '734'
Method 'SystemVoidCosmosCoreINTsPutErrorStringSystemInt32SystemInt32SystemString', ID = '735'
Method 'SystemVoidCosmosCoreHMIGCMonitor', ID = '737'
Method 'SystemVoidCosmosCoreHMIGCFreeAll', ID = '738'
Method 'SystemVoidCosmosCoreBaseIOGroupscctor', ID = '740'
Method 'SystemVoidCosmosCoreCPUReboot', ID = '741'
Method 'SystemVoidSystemCollectionsGenericQueue1SystemUInt32EnqueueSystemUInt32', ID = '742'
Method 'SystemVoidCosmosIL2CPUX86PlugsNEW_PLUGSDelegateImplInvoke', ID = '736'
Method 'SystemVoidCosmosCoreINTsSetIntHandlerSystemByteCosmosCoreINTsIRQDelegate', ID = '747'
Method 'SystemVoidSystemCollectionsGenericList1CosmosHALKeyboardKeyMappingctorSystemInt32', ID = '748'
Method 'SystemVoidCosmosHALKeyboardAddKeySystemUInt32SystemCharSystemConsoleKey', ID = '749'
Method 'SystemVoidCosmosHALKeyboardAddKeyWithShiftSystemUInt32SystemCharSystemConsoleKey', ID = '750'
Method 'SystemVoidCosmosHALKeyboardAddKeyWithShiftSystemUInt32SystemConsoleKey', ID = '751'
Method 'SystemVoidCosmosHALBlockDeviceAtactor', ID = '754'
Method 'SystemVoidCosmosCoreIOPortWriteset_ByteSystemByte', ID = '756'
Method 'CosmosHALBlockDeviceAtaPioSpecLevelCosmosHALBlockDeviceAtaPioDiscoverDrive', ID = '757'
Method 'SystemVoidCosmosHALBlockDeviceAtaPioInitDrive', ID = '758'
Method 'SystemVoidCosmosHALBlockDeviceBlockDevicecctor', ID = '760'
Method 'SystemVoidSystemCollectionsGenericList1CosmosHALBlockDeviceBlockDeviceEnsureCapacitySystemInt32', ID = '762'
Method 'SystemVoidCosmosHALBlockDeviceAtaPioReadBlockSystemUInt64SystemUInt64SystemBytearray', ID = '763'
Method 'SystemVoidSystemCollectionsGenericList1CosmosHALBlockDeviceMBRPartInfoctor', ID = '764'
Method 'SystemVoidCosmosHALBlockDeviceMBRParsePartitionSystemBytearraySystemUInt32', ID = '765'
Method 'SystemVoidSystemCollectionsGenericList1CosmosHALBlockDeviceEBRPartInfoctor', ID = '766'
Method 'SystemVoidCosmosHALBlockDeviceEBRParsePartitionSystemBytearraySystemUInt32', ID = '767'
Method 'SystemVoidCosmosHALBlockDeviceBlockDevicector', ID = '771'
Method 'SystemUInt64CosmosHALBlockDeviceBlockDeviceget_BlockSize', ID = '772'
Method 'SystemVoidSystemCollectionsGenericList1CosmosHALPCIDevicector', ID = '773'
Method 'SystemVoidCosmosHALPCIEnumerateBusSystemUInt32SystemUInt32', ID = '775'
Method 'SystemVoidSystemCollectionsGenericList1SystemStringctor', ID = '776'
Method 'SystemVoidColonelGamesWarplay', ID = '780'
Method 'SystemVoidSystemTextUnicodeEncodingSetDefaultFallbacks', ID = '781'
Method 'SystemVoidSystemTextInternalEncoderBestFitFallbackctorSystemTextEncoding', ID = '782'
Method 'SystemVoidSystemTextInternalDecoderBestFitFallbackctorSystemTextEncoding', ID = '783'
Method 'SystemStringCosmosCommonExtensionsToHexStringSingleDigitToHexSystemByte', ID = '784'
Method 'SystemBooleanCosmosIL2CPUILCustomImplementationsSystemCharImplIsWhiteSpaceSystemChar', ID = '786'
Method 'SystemStringSystemStringInternalSubStringSystemInt32SystemInt32SystemBoolean', ID = '787'
Method 'SystemVoidCosmosCoreIOPortWritectorSystemUInt16', ID = '792'
Method 'SystemUInt16CosmosCoreIOGroupATAGetBAR0SystemBoolean', ID = '793'
Method 'SystemUInt16CosmosCoreIOGroupATAGetBAR1SystemBoolean', ID = '794'
Method 'SystemVoidCosmosCoreIOPortWritectorSystemUInt16SystemUInt16', ID = '795'
Method 'SystemVoidCosmosCoreIOPortctorSystemUInt16SystemUInt16', ID = '796'
Method 'SystemVoidCosmosCoreIOPortReadctorSystemUInt16SystemUInt16', ID = '797'
Method 'SystemVoidCosmosCoreIOGroupMousector', ID = '800'
Method 'SystemVoidCosmosCoreIOGroupPCSpeakerctor', ID = '802'
Method 'SystemVoidSystemCollectionsGenericQueue1SystemUInt32SetCapacitySystemInt32', ID = '804'
Method 'SystemVoidCosmosHALKeyboardKeyMappingctorSystemUInt32SystemCharSystemConsoleKey', ID = '805'
Method 'SystemVoidSystemCollectionsGenericList1CosmosHALKeyboardKeyMappingAddCosmosHALKeyboardKeyMapping', ID = '806'
Method 'SystemVoidCosmosHALBlockDeviceAtaPioSelectDriveSystemByte', ID = '808'
Method 'CosmosHALBlockDeviceAtaPioStatusCosmosHALBlockDeviceAtaPioSendCmdCosmosHALBlockDeviceAtaPioCmdSystemBoolean', ID = '809'
Method 'CosmosHALBlockDeviceAtaPioStatusCosmosHALBlockDeviceAtaPioSendCmdCosmosHALBlockDeviceAtaPioCmd', ID = '810'
Method 'SystemVoidCosmosCoreIOPortBaseRead16SystemUInt16array', ID = '811'
Method 'SystemStringCosmosHALBlockDeviceAtaPioGetStringSystemUInt16arraySystemInt32SystemInt32', ID = '812'
Method 'SystemVoidSystemCollectionsGenericList1CosmosHALBlockDeviceBlockDevicector', ID = '813'
Method 'SystemVoidSystemCollectionsGenericList1CosmosHALBlockDeviceBlockDevicecctor', ID = '814'
Method 'SystemVoidSystemCollectionsGenericList1CosmosHALBlockDeviceBlockDeviceset_CapacitySystemInt32', ID = '815'
Method 'SystemVoidCosmosHALBlockDeviceBlockDeviceCheckDataSizeSystemBytearraySystemUInt64', ID = '816'
Method 'SystemVoidCosmosHALBlockDeviceAtaPioSelectSectorSystemUInt64SystemUInt64', ID = '817'
Method 'SystemVoidCosmosCoreIOPortBaseRead8SystemBytearray', ID = '818'
Method 'SystemUInt32CosmosCommonExtensionsByteConverterToUInt32SystemBytearraySystemUInt64', ID = '820'
Method 'SystemVoidCosmosHALBlockDeviceMBRPartInfoctorSystemByteSystemUInt32SystemUInt32', ID = '821'
Method 'SystemVoidSystemCollectionsGenericList1CosmosHALBlockDeviceMBRPartInfoAddCosmosHALBlockDeviceMBRPartInfo', ID = '822'
Method 'SystemVoidCosmosHALBlockDeviceEBRPartInfoctorSystemByteSystemUInt32SystemUInt32', ID = '824'
Method 'SystemVoidSystemCollectionsGenericList1CosmosHALBlockDeviceEBRPartInfoAddCosmosHALBlockDeviceEBRPartInfo', ID = '825'
Method 'SystemVoidSystemCollectionsGenericList1CosmosHALBlockDeviceEBRPartInfocctor', ID = '826'
Method 'SystemVoidSystemCollectionsGenericList1CosmosHALBlockDeviceMBRPartInfocctor', ID = '827'
Method 'SystemVoidCosmosHALBlockDevicePartitionReadBlockSystemUInt64SystemUInt64SystemBytearray', ID = '828'
Method 'SystemVoidCosmosHALPCIDevicectorSystemUInt32SystemUInt32SystemUInt32', ID = '831'
Method 'SystemBooleanCosmosHALPCIDeviceget_DeviceExists', ID = '832'
Method 'CosmosHALPCIDevicePCIHeaderTypeCosmosHALPCIDeviceget_HeaderType', ID = '833'
Method 'SystemVoidCosmosHALPCIDeviceBridgectorSystemUInt32SystemUInt32SystemUInt32', ID = '834'
Method 'SystemVoidCosmosHALPCIAddDeviceCosmosHALPCIDeviceSystemUInt32', ID = '835'
Method 'SystemVoidCosmosHALPCIDeviceCardbusctorSystemUInt32SystemUInt32SystemUInt32', ID = '836'
Method 'SystemVoidCosmosHALPCIDeviceNormalctorSystemUInt32SystemUInt32SystemUInt32', ID = '837'
Method 'SystemTextEncoderFallbackSystemTextEncoderFallbackget_ExceptionFallback', ID = '841'
Method 'SystemTextDecoderFallbackSystemTextDecoderFallbackget_ExceptionFallback', ID = '842'
Method 'SystemVoidSystemTextEncoderReplacementFallbackctorSystemString', ID = '843'
Method 'SystemVoidSystemTextDecoderReplacementFallbackctorSystemString', ID = '844'
Method 'SystemVoidSystemTextEncoderFallbackctor', ID = '846'
Method 'SystemVoidSystemTextDecoderFallbackctor', ID = '849'
Method 'SystemStringCosmosIL2CPUCustomImplementationSystemStringImplPadHelperSystemInt32SystemCharSystemBoolean', ID = '851'
Method 'SystemVoidSystemStringwstrcpySystemCharSystemCharSystemInt32', ID = '853'
Method 'SystemVoidCosmosCoreIOPortBasectorSystemUInt16SystemUInt16', ID = '854'
Method 'SystemVoidSystemCollectionsGenericList1CosmosHALKeyboardKeyMappingEnsureCapacitySystemInt32', ID = '858'
Method 'SystemVoidCosmosHALBlockDeviceAtaPioWait', ID = '859'
Method 'SystemByteCosmosCoreIOPortReadget_Byte', ID = '862'
Method 'SystemVoidCosmosHALBlockDeviceBlockDeviceCheckBlockNoSystemUInt64SystemUInt64', ID = '866'
Method 'SystemVoidCosmosCoreIOPortWriteset_WordSystemUInt16', ID = '867'
Method 'SystemVoidSystemCollectionsGenericList1CosmosHALBlockDeviceMBRPartInfoEnsureCapacitySystemInt32', ID = '869'
Method 'SystemVoidSystemCollectionsGenericList1CosmosHALBlockDeviceEBRPartInfoEnsureCapacitySystemInt32', ID = '871'
Method 'SystemVoidSystemCollectionsGenericList1CosmosHALPCIDevicecctor', ID = '872'
Method 'SystemVoidCosmosCoreIOGroupPCIctor', ID = '874'
Method 'SystemUInt16CosmosHALPCIDeviceReadRegister16SystemByte', ID = '875'
Method 'SystemVoidCosmosHALPCIDeviceset_VendorIDSystemUInt16', ID = '876'
Method 'SystemVoidCosmosHALPCIDeviceset_DeviceIDSystemUInt16', ID = '877'
Method 'SystemByteCosmosHALPCIDeviceReadRegister8SystemByte', ID = '878'
Method 'SystemVoidCosmosHALPCIDeviceset_RevisionIDSystemByte', ID = '879'
Method 'SystemVoidCosmosHALPCIDeviceset_ProgIFSystemByte', ID = '880'
Method 'SystemVoidCosmosHALPCIDeviceset_SubclassSystemByte', ID = '881'
Method 'SystemVoidCosmosHALPCIDeviceset_ClassCodeSystemByte', ID = '882'
Method 'SystemVoidCosmosHALPCIDeviceset_CacheLineSizeSystemByte', ID = '883'
Method 'SystemVoidCosmosHALPCIDeviceset_LatencyTimerSystemByte', ID = '884'
Method 'SystemVoidCosmosHALPCIDeviceset_HeaderTypeCosmosHALPCIDevicePCIHeaderType', ID = '885'
Method 'SystemVoidCosmosHALPCIDeviceset_BISTCosmosHALPCIDevicePCIBist', ID = '886'
Method 'SystemVoidCosmosHALPCIDeviceset_InterruptLineSystemByte', ID = '887'
Method 'SystemVoidCosmosHALPCIDeviceset_InterruptPINCosmosHALPCIDevicePCIInterruptPIN', ID = '888'
Method 'SystemUInt16CosmosHALPCIDeviceget_VendorID', ID = '889'
Method 'SystemUInt16CosmosHALPCIDeviceget_DeviceID', ID = '890'
Method 'SystemVoidCosmosHALPCIDeviceset_DeviceExistsSystemBoolean', ID = '891'
Method 'SystemVoidCosmosHALPCIDeviceBridgeset_BaseAddressesCosmosHALPCIBaseAddressBararray', ID = '895'
Method 'CosmosHALPCIBaseAddressBararrayCosmosHALPCIDeviceBridgeget_BaseAddresses', ID = '896'
Method 'SystemUInt32CosmosHALPCIDeviceReadRegister32SystemByte', ID = '897'
Method 'SystemVoidCosmosHALPCIBaseAddressBarctorSystemUInt32', ID = '898'
Method 'SystemVoidCosmosHALPCIDeviceBridgeset_PrimaryBusNumberSystemByte', ID = '899'
Method 'SystemVoidCosmosHALPCIDeviceBridgeset_SecondaryBusNumberSystemByte', ID = '900'
Method 'SystemVoidCosmosHALPCIDeviceBridgeset_SubordinateBusNumberSystemByte', ID = '901'
Method 'SystemVoidCosmosHALPCIDeviceBridgeset_SecondaryLatencyTimerSystemByte', ID = '902'
Method 'SystemVoidCosmosHALPCIDeviceBridgeset_IOBaseSystemByte', ID = '903'
Method 'SystemVoidCosmosHALPCIDeviceBridgeset_IOLimitSystemByte', ID = '904'
Method 'SystemVoidCosmosHALPCIDeviceBridgeset_SecondaryStatusSystemUInt16', ID = '905'
Method 'SystemVoidCosmosHALPCIDeviceBridgeset_MemoryBaseSystemUInt16', ID = '906'
Method 'SystemVoidCosmosHALPCIDeviceBridgeset_MemoryLimitSystemUInt16', ID = '907'
Method 'SystemVoidCosmosHALPCIDeviceBridgeset_PrefatchableMemoryBaseSystemUInt16', ID = '908'
Method 'SystemVoidCosmosHALPCIDeviceBridgeset_PrefatchableMemoryLimitSystemUInt16', ID = '909'
Method 'SystemVoidCosmosHALPCIDeviceBridgeset_PrefatchableBaseUpper32SystemUInt32', ID = '910'
Method 'SystemVoidCosmosHALPCIDeviceBridgeset_PrefatchableLimitUpper32SystemUInt32', ID = '911'
Method 'SystemVoidCosmosHALPCIDeviceBridgeset_IOBaseUpper16SystemUInt16', ID = '912'
Method 'SystemVoidCosmosHALPCIDeviceBridgeset_IOLimitUpper16SystemUInt16', ID = '913'
Method 'SystemVoidCosmosHALPCIDeviceBridgeset_CapabilityPointerSystemByte', ID = '914'
Method 'SystemVoidCosmosHALPCIDeviceBridgeset_ExpansionROMBaseAddressSystemUInt32', ID = '915'
Method 'SystemVoidCosmosHALPCIDeviceBridgeset_BridgeControlSystemUInt16', ID = '916'
Method 'SystemStringCosmosHALPCIDeviceDeviceClassGetStringCosmosHALPCIDevice', ID = '917'
Method 'SystemVoidSystemCollectionsGenericList1CosmosHALPCIDeviceAddCosmosHALPCIDevice', ID = '919'
Method 'SystemByteCosmosHALPCIDeviceBridgeget_SecondaryBusNumber', ID = '920'
Method 'SystemVoidCosmosHALPCIDeviceCardbusset_CardbusBaseAddressSystemUInt32', ID = '922'
Method 'SystemVoidCosmosHALPCIDeviceCardbusset_OffsetOfCapabilityListSystemByte', ID = '923'
Method 'SystemVoidCosmosHALPCIDeviceCardbusset_SecondaryStatusSystemUInt16', ID = '924'
Method 'SystemVoidCosmosHALPCIDeviceCardbusset_PCIBusNumberSystemByte', ID = '925'
Method 'SystemVoidCosmosHALPCIDeviceCardbusset_CardbusBusNumberSystemByte', ID = '926'
Method 'SystemVoidCosmosHALPCIDeviceCardbusset_SubordinateBusNumberSystemByte', ID = '927'
Method 'SystemVoidCosmosHALPCIDeviceCardbusset_CardbusLatencyTimerSystemByte', ID = '928'
Method 'SystemVoidCosmosHALPCIDeviceCardbusset_MemoryBaseAddress0SystemUInt32', ID = '929'
Method 'SystemVoidCosmosHALPCIDeviceCardbusset_MemoryLimit0SystemUInt32', ID = '930'
Method 'SystemVoidCosmosHALPCIDeviceCardbusset_MemoryBaseAddress1SystemUInt32', ID = '931'
Method 'SystemVoidCosmosHALPCIDeviceCardbusset_MemoryLimit1SystemUInt32', ID = '932'
Method 'SystemVoidCosmosHALPCIDeviceCardbusset_IOBaseAddress0SystemUInt32', ID = '933'
Method 'SystemVoidCosmosHALPCIDeviceCardbusset_IOLimit0SystemUInt32', ID = '934'
Method 'SystemVoidCosmosHALPCIDeviceCardbusset_IOBaseAddress1SystemUInt32', ID = '935'
Method 'SystemVoidCosmosHALPCIDeviceCardbusset_IOLimit1SystemUInt32', ID = '936'
Method 'SystemVoidCosmosHALPCIDeviceCardbusset_BridgeControlSystemUInt16', ID = '937'
Method 'SystemVoidCosmosHALPCIDeviceCardbusset_SubsystemDeviceIDSystemUInt16', ID = '938'
Method 'SystemVoidCosmosHALPCIDeviceCardbusset_SubsystemVendorIDSystemUInt16', ID = '939'
Method 'SystemVoidCosmosHALPCIDeviceCardbusset_PCCardBaseAddressSystemUInt32', ID = '940'
Method 'SystemVoidCosmosHALPCIDeviceNormalset_BaseAddressesCosmosHALPCIBaseAddressBararray', ID = '942'
Method 'CosmosHALPCIBaseAddressBararrayCosmosHALPCIDeviceNormalget_BaseAddresses', ID = '943'
Method 'SystemVoidCosmosHALPCIDeviceNormalset_CardbusCISPointerSystemUInt32', ID = '944'
Method 'SystemVoidCosmosHALPCIDeviceNormalset_SubsystemVendorIDSystemUInt16', ID = '945'
Method 'SystemVoidCosmosHALPCIDeviceNormalset_SubsystemIDSystemUInt16', ID = '946'
Method 'SystemVoidCosmosHALPCIDeviceNormalset_ExpansionROMBaseAddressSystemUInt32', ID = '947'
Method 'SystemVoidCosmosHALPCIDeviceNormalset_CapabilitiesPointerSystemByte', ID = '948'
Method 'SystemVoidCosmosHALPCIDeviceNormalset_MinGrantSystemByte', ID = '949'
Method 'SystemVoidCosmosHALPCIDeviceNormalset_MaxLatencySystemByte', ID = '950'
Method 'SystemVoidSystemCollectionsGenericList1SystemStringcctor', ID = '951'
Method 'SystemVoidSystemThreadingMonitorEnterSystemObjectSystemBoolean', ID = '954'
Method 'SystemVoidSystemTextEncoderExceptionFallbackctor', ID = '955'
Method 'SystemVoidSystemTextDecoderExceptionFallbackctor', ID = '959'
Method 'SystemBooleanSystemCharIsSurrogateSystemStringSystemInt32', ID = '961'
Method 'SystemBooleanSystemCharIsHighSurrogateSystemStringSystemInt32', ID = '962'
Method 'SystemStringCosmosIL2CPUX86PlugsCustomImplementationsMSSystemStringImplFastAllocateStringSystemInt32', ID = '965'
Method 'SystemVoidSystemCollectionsGenericList1CosmosHALKeyboardKeyMappingset_CapacitySystemInt32', ID = '966'
Method 'SystemUInt16CosmosCorePlugsIOPortImplRead16SystemUInt16', ID = '967'
Method 'SystemVoidSystemCollectionsGenericList1CosmosHALBlockDeviceMBRPartInfoset_CapacitySystemInt32', ID = '969'
Method 'SystemVoidSystemCollectionsGenericList1CosmosHALBlockDeviceEBRPartInfoset_CapacitySystemInt32', ID = '970'
Method 'SystemUInt32CosmosHALPCIDeviceGetAddressBaseSystemUInt32SystemUInt32SystemUInt32', ID = '972'
Method 'SystemVoidCosmosCoreIOPortset_DWordSystemUInt32', ID = '973'
Method 'SystemUInt32CosmosCoreIOPortget_DWord', ID = '974'
Method 'SystemStringCosmosHALPCIDeviceToHexSystemUInt32SystemByte', ID = '979'
Method 'SystemByteCosmosHALPCIDeviceget_ClassCode', ID = '980'
Method 'SystemByteCosmosHALPCIDeviceget_Subclass', ID = '981'
Method 'SystemByteCosmosHALPCIDeviceget_ProgIF', ID = '982'
Method 'SystemStringCosmosIL2CPUCustomImplementationSystemStringImplConcatSystemObjectarray', ID = '983'
Method 'SystemVoidSystemCollectionsGenericList1CosmosHALPCIDeviceEnsureCapacitySystemInt32', ID = '984'
Method 'SystemObjectCosmosSystemPlugsSystemTextEncoderFallbackImplget_InternalSyncObject', ID = '985'
Method 'SystemVoidSystemThreadingMonitorThrowLockTakenException', ID = '987'
Method 'SystemVoidCosmosSystemPlugsSystemThreadingMonitorImplExitSystemObject', ID = '990'
Method 'SystemObjectCosmosSystemPlugsSystemTextDecoderFallbackImplget_InternalSyncObject', ID = '991'
Method 'SystemBooleanSystemCharIsSurrogateSystemChar', ID = '993'
Method 'SystemBooleanSystemCharIsHighSurrogateSystemChar', ID = '994'
Method 'SystemStringCosmosIL2CPUILCustomImplementationsSystemEnvironmentImplGetResourceStringSystemStringSystemObjectarray', ID = '995'
Method 'SystemVoidCosmosCorePlugsIOPortImplWrite16SystemUInt16SystemUInt16', ID = '996'
Method 'SystemVoidSystemCollectionsGenericList1CosmosHALPCIDeviceset_CapacitySystemInt32', ID = '999'
Method 'SystemVoidCosmosSystemPlugsSystemThreadingMonitorImplReliableEnterSystemObjectSystemBoolean', ID = '1001'
Method 'SystemVoidCosmosCorePlugsIOPortImplWrite32SystemUInt16SystemUInt32', ID = '1004'
Method 'SystemUInt32CosmosCorePlugsIOPortImplRead32SystemUInt16', ID = '1005'
